<?xml version="1.0" encoding="UTF-8"?>
<!-- Generated by org.testng.reporters.JUnitReportReporter -->
<testsuite name="Tests.verifyInitialSearchQuery" tests="1" time="14.428" ignored="0" failures="0" timestamp="25 Aug 2021 19:40:50 GMT" skipped="0" hostname="LAPTOP-FHV5SL9T" errors="0">
  <testcase name="testInitialsearchquery" time="14.428" classname="Tests.verifyInitialSearchQuery"/>
</testsuite> <!-- Tests.verifyInitialSearchQuery -->
