<?xml version="1.0" encoding="UTF-8"?>
<!-- Generated by org.testng.reporters.JUnitReportReporter -->
<testsuite name="Tests.verifyStoreAllAinCollections" tests="1" time="15.665" ignored="0" failures="0" timestamp="26 Aug 2021 15:13:11 GMT" skipped="0" hostname="LAPTOP-FHV5SL9T" errors="0">
  <testcase name="testStoreAllAinCollections" time="15.665" classname="Tests.verifyStoreAllAinCollections"/>
</testsuite> <!-- Tests.verifyStoreAllAinCollections -->
